<?xml version="1.0" encoding="UTF-8"?>
<!-- Generated by org.testng.reporters.JUnitReportReporter -->
<testsuite hostname="24850-438349" failures="0" tests="1" name="com.stctv.qa.testcases.LoginPageTest" time="10.236" errors="0" timestamp="2022-10-20T21:51:10 IST" skipped="0">
  <testcase classname="com.stctv.qa.testcases.LoginPageTest" name="validateLitePackagePriceForSAR" time="10.236"/>
  <system-out/>
</testsuite> <!-- com.stctv.qa.testcases.LoginPageTest -->
